C:\USERS\WANGFF\DESKTOP\TWO_BODY_IMPACT_COMPUTATION_C\JACOB\JACOB_ANGULARINERTIAMATRIX\DEBUG\JACOB_ANGULARINERTIAMATRIX.EXE
C:\USERS\WANGFF\DESKTOP\TWO_BODY_IMPACT_COMPUTATION_C\JACOB\JACOB_ANGULARINERTIAMATRIX\DEBUG\JACOB_ANGULARINERTIAMATRIX.ILK
C:\USERS\WANGFF\DESKTOP\TWO_BODY_IMPACT_COMPUTATION_C\JACOB\JACOB_ANGULARINERTIAMATRIX\DEBUG\JACOB_ANGULARINERTIAMATRIX.PDB
C:\USERS\WANGFF\DESKTOP\TWO_BODY_IMPACT_COMPUTATION_C\JACOB\JACOB_ANGULARINERTIAMATRIX\JACOB_ANGULARINERTIAMATRIX\DEBUG\COMPUTEINERTIA.OBJ
C:\USERS\WANGFF\DESKTOP\TWO_BODY_IMPACT_COMPUTATION_C\JACOB\JACOB_ANGULARINERTIAMATRIX\JACOB_ANGULARINERTIAMATRIX\DEBUG\JACOB_ANGULARINERTIAMATRIX.EXE.INTERMEDIATE.MANIFEST
C:\USERS\WANGFF\DESKTOP\TWO_BODY_IMPACT_COMPUTATION_C\JACOB\JACOB_ANGULARINERTIAMATRIX\JACOB_ANGULARINERTIAMATRIX\DEBUG\VC100.PDB
C:\USERS\WANGFF\DESKTOP\TWO_BODY_IMPACT_COMPUTATION_C\JACOB\JACOB_ANGULARINERTIAMATRIXNEWER\DEBUG\JACOB_ANGULARINERTIAMATRIX.EXE
C:\USERS\WANGFF\DESKTOP\TWO_BODY_IMPACT_COMPUTATION_C\JACOB\JACOB_ANGULARINERTIAMATRIXNEWER\DEBUG\JACOB_ANGULARINERTIAMATRIX.ILK
C:\USERS\WANGFF\DESKTOP\TWO_BODY_IMPACT_COMPUTATION_C\JACOB\JACOB_ANGULARINERTIAMATRIXNEWER\DEBUG\JACOB_ANGULARINERTIAMATRIX.PDB
C:\Users\wangff\Desktop\Two_body_impact_computation_C\Jacob\Jacob_angularInertiaMatrixNewer\Jacob_angularInertiaMatrix\Debug\cl.command.1.tlog
C:\Users\wangff\Desktop\Two_body_impact_computation_C\Jacob\Jacob_angularInertiaMatrixNewer\Jacob_angularInertiaMatrix\Debug\CL.read.1.tlog
C:\Users\wangff\Desktop\Two_body_impact_computation_C\Jacob\Jacob_angularInertiaMatrixNewer\Jacob_angularInertiaMatrix\Debug\CL.write.1.tlog
C:\USERS\WANGFF\DESKTOP\TWO_BODY_IMPACT_COMPUTATION_C\JACOB\JACOB_ANGULARINERTIAMATRIXNEWER\JACOB_ANGULARINERTIAMATRIX\DEBUG\COMPUTEINERTIA.OBJ
C:\USERS\WANGFF\DESKTOP\TWO_BODY_IMPACT_COMPUTATION_C\JACOB\JACOB_ANGULARINERTIAMATRIXNEWER\JACOB_ANGULARINERTIAMATRIX\DEBUG\JACOB_ANGULARINERTIAMATRIX.EXE.INTERMEDIATE.MANIFEST
C:\Users\wangff\Desktop\Two_body_impact_computation_C\Jacob\Jacob_angularInertiaMatrixNewer\Jacob_angularInertiaMatrix\Debug\Jacob_angularInertiaMatrix.write.1.tlog
C:\Users\wangff\Desktop\Two_body_impact_computation_C\Jacob\Jacob_angularInertiaMatrixNewer\Jacob_angularInertiaMatrix\Debug\link.command.1.tlog
C:\Users\wangff\Desktop\Two_body_impact_computation_C\Jacob\Jacob_angularInertiaMatrixNewer\Jacob_angularInertiaMatrix\Debug\link.read.1.tlog
C:\Users\wangff\Desktop\Two_body_impact_computation_C\Jacob\Jacob_angularInertiaMatrixNewer\Jacob_angularInertiaMatrix\Debug\link.write.1.tlog
C:\Users\wangff\Desktop\Two_body_impact_computation_C\Jacob\Jacob_angularInertiaMatrixNewer\Jacob_angularInertiaMatrix\Debug\mt.command.1.tlog
C:\Users\wangff\Desktop\Two_body_impact_computation_C\Jacob\Jacob_angularInertiaMatrixNewer\Jacob_angularInertiaMatrix\Debug\mt.read.1.tlog
C:\Users\wangff\Desktop\Two_body_impact_computation_C\Jacob\Jacob_angularInertiaMatrixNewer\Jacob_angularInertiaMatrix\Debug\mt.write.1.tlog
C:\Users\wangff\Desktop\Two_body_impact_computation_C\Jacob\Jacob_angularInertiaMatrixNewer\Jacob_angularInertiaMatrix\Debug\vc100.idb
C:\USERS\WANGFF\DESKTOP\TWO_BODY_IMPACT_COMPUTATION_C\JACOB\JACOB_ANGULARINERTIAMATRIXNEWER\JACOB_ANGULARINERTIAMATRIX\DEBUG\VC100.PDB
